<?xml version="1.0" encoding="UTF-8"?>
<testng-results ignored="0" total="2" passed="2" failed="0" skipped="0">
  <reporter-output>
  </reporter-output>
  <suite started-at="2023-11-10T13:15:27 IST" name="Suite" finished-at="2023-11-10T13:16:02 IST" duration-ms="34556">
    <groups>
    </groups>
    <test started-at="2023-11-10T13:15:27 IST" name="RegisterTest" finished-at="2023-11-10T13:15:45 IST" duration-ms="17836">
      <class name="test.Tc001_Register">
        <test-method is-config="true" signature="setup()[pri:0, instance:test.Tc001_Register@3cce5371]" started-at="2023-11-10T13:15:27 IST" name="setup" finished-at="2023-11-10T13:15:27 IST" duration-ms="14" status="PASS">
          <reporter-output>
          </reporter-output>
        </test-method> <!-- setup -->
        <test-method is-config="true" signature="browserlaunch(java.lang.String,java.lang.String)[pri:0, instance:test.Tc001_Register@3cce5371]" started-at="2023-11-10T13:15:29 IST" name="browserlaunch" finished-at="2023-11-10T13:15:41 IST" duration-ms="11907" status="PASS">
          <params>
            <param index="0">
              <value>
                <![CDATA[https://demowebshop.tricentis.com/]]>
              </value>
            </param>
            <param index="1">
              <value>
                <![CDATA[chrome]]>
              </value>
            </param>
          </params>
          <reporter-output>
          </reporter-output>
        </test-method> <!-- browserlaunch -->
        <test-method signature="register(java.lang.String,java.lang.String,java.lang.String,java.lang.String,java.lang.String)[pri:1, instance:test.Tc001_Register@3cce5371]" started-at="2023-11-10T13:15:41 IST" name="register" data-provider="getdata" finished-at="2023-11-10T13:15:45 IST" duration-ms="3749" status="PASS">
          <params>
            <param index="0">
              <value>
                <![CDATA[Vignesh]]>
              </value>
            </param>
            <param index="1">
              <value>
                <![CDATA[S]]>
              </value>
            </param>
            <param index="2">
              <value>
                <![CDATA[vignesh122432656565857725884@gmail.com]]>
              </value>
            </param>
            <param index="3">
              <value>
                <![CDATA[Vignesh@123]]>
              </value>
            </param>
            <param index="4">
              <value>
                <![CDATA[Vignesh@123]]>
              </value>
            </param>
          </params>
          <reporter-output>
          </reporter-output>
        </test-method> <!-- register -->
        <test-method is-config="true" signature="close()[pri:0, instance:test.Tc001_Register@3cce5371]" started-at="2023-11-10T13:15:45 IST" name="close" finished-at="2023-11-10T13:15:45 IST" duration-ms="127" status="PASS">
          <reporter-output>
          </reporter-output>
        </test-method> <!-- close -->
      </class> <!-- test.Tc001_Register -->
    </test> <!-- RegisterTest -->
    <test started-at="2023-11-10T13:15:46 IST" name="loginTest" finished-at="2023-11-10T13:16:02 IST" duration-ms="16085">
      <class name="test.Tc002_Login">
        <test-method is-config="true" signature="setup()[pri:0, instance:test.Tc002_Login@5db6b9cd]" started-at="2023-11-10T13:15:46 IST" name="setup" finished-at="2023-11-10T13:15:46 IST" duration-ms="0" status="PASS">
          <reporter-output>
          </reporter-output>
        </test-method> <!-- setup -->
        <test-method is-config="true" signature="browserlaunch(java.lang.String,java.lang.String)[pri:0, instance:test.Tc002_Login@5db6b9cd]" started-at="2023-11-10T13:15:46 IST" name="browserlaunch" finished-at="2023-11-10T13:15:57 IST" duration-ms="11101" status="PASS">
          <params>
            <param index="0">
              <value>
                <![CDATA[https://demowebshop.tricentis.com/]]>
              </value>
            </param>
            <param index="1">
              <value>
                <![CDATA[edge]]>
              </value>
            </param>
          </params>
          <reporter-output>
          </reporter-output>
        </test-method> <!-- browserlaunch -->
        <test-method signature="login(java.lang.String,java.lang.String)[pri:2, instance:test.Tc002_Login@5db6b9cd]" started-at="2023-11-10T13:15:57 IST" name="login" data-provider="getdata" finished-at="2023-11-10T13:16:01 IST" duration-ms="4286" status="PASS">
          <params>
            <param index="0">
              <value>
                <![CDATA[Vignesh735556832831@gmail.com]]>
              </value>
            </param>
            <param index="1">
              <value>
                <![CDATA[Vignesh@123]]>
              </value>
            </param>
          </params>
          <reporter-output>
          </reporter-output>
        </test-method> <!-- login -->
        <test-method is-config="true" signature="close()[pri:0, instance:test.Tc002_Login@5db6b9cd]" started-at="2023-11-10T13:16:02 IST" name="close" finished-at="2023-11-10T13:16:02 IST" duration-ms="190" status="PASS">
          <reporter-output>
          </reporter-output>
        </test-method> <!-- close -->
      </class> <!-- test.Tc002_Login -->
    </test> <!-- loginTest -->
  </suite> <!-- Suite -->
</testng-results>
