<?xml version="1.0" encoding="UTF-8"?>
<testsuite xmlns:xsi="http://www.w3.org/2001/XMLSchema-instance" xsi:noNamespaceSchemaLocation="https://maven.apache.org/surefire/maven-surefire-plugin/xsd/surefire-test-report-3.0.xsd" version="3.0" name="TestSuite" time="36.32" tests="2" errors="0" skipped="0" failures="0">
  <properties>
[...]
</properties>
  <testcase name="register[Vignesh, S, vignesh122432656565857725884@gmail.com, Vignesh@123, Vignesh@123](1)" classname="test.Tc001_Register" time="3.985">
    <system-out><![CDATA[Vignesh
S
vignesh122432656565857725884@gmail.com
Vignesh@123
Vignesh@123
Test Start
]]></system-out>
    <system-err><![CDATA[SLF4J: No SLF4J providers were found.
SLF4J: Defaulting to no-operation (NOP) logger implementation
SLF4J: See https://www.slf4j.org/codes.html#noProviders for further details.
Nov 10, 2023 1:15:36 PM org.openqa.selenium.devtools.CdpVersionFinder findNearestMatch
WARNING: Unable to find an exact match for CDP version 119, so returning the closest version found: 116
]]></system-err>
  </testcase>
  <testcase name="login[Vignesh735556832831@gmail.com, Vignesh@123](1)" classname="test.Tc002_Login" time="4.614">
    <system-out><![CDATA[Vignesh735556832831@gmail.com
Vignesh@123
Test Start
]]></system-out>
    <system-err><![CDATA[Nov 10, 2023 1:15:50 PM org.openqa.selenium.devtools.CdpVersionFinder findNearestMatch
WARNING: Unable to find an exact match for CDP version 119, so returning the closest version found: 116
]]></system-err>
  </testcase>
</testsuite>