<?xml version="1.0" encoding="UTF-8"?>
<testng-results ignored="0" total="2" passed="2" failed="0" skipped="0">
  <reporter-output>
  </reporter-output>
  <suite started-at="2023-11-10T12:55:37 IST" name="Suite" finished-at="2023-11-10T12:56:04 IST" duration-ms="26704">
    <groups>
    </groups>
    <test started-at="2023-11-10T12:55:37 IST" name="RegisterTest" finished-at="2023-11-10T12:55:51 IST" duration-ms="14159">
      <class name="test.Tc001_Register">
        <test-method is-config="true" signature="setup()[pri:0, instance:test.Tc001_Register@54e041a4]" started-at="2023-11-10T12:55:37 IST" name="setup" finished-at="2023-11-10T12:55:37 IST" duration-ms="23" status="PASS">
          <reporter-output>
          </reporter-output>
        </test-method> <!-- setup -->
        <test-method is-config="true" signature="browserlaunch(java.lang.String,java.lang.String)[pri:0, instance:test.Tc001_Register@54e041a4]" started-at="2023-11-10T12:55:39 IST" name="browserlaunch" finished-at="2023-11-10T12:55:48 IST" duration-ms="8912" status="PASS">
          <params>
            <param index="0">
              <value>
                <![CDATA[https://demowebshop.tricentis.com/]]>
              </value>
            </param>
            <param index="1">
              <value>
                <![CDATA[chrome]]>
              </value>
            </param>
          </params>
          <reporter-output>
          </reporter-output>
        </test-method> <!-- browserlaunch -->
        <test-method signature="register(java.lang.String,java.lang.String,java.lang.String,java.lang.String,java.lang.String)[pri:1, instance:test.Tc001_Register@54e041a4]" started-at="2023-11-10T12:55:48 IST" name="register" data-provider="getdata" finished-at="2023-11-10T12:55:51 IST" duration-ms="2740" status="PASS">
          <params>
            <param index="0">
              <value>
                <![CDATA[Vignesh]]>
              </value>
            </param>
            <param index="1">
              <value>
                <![CDATA[S]]>
              </value>
            </param>
            <param index="2">
              <value>
                <![CDATA[vignesh122432656565857725884@gmail.com]]>
              </value>
            </param>
            <param index="3">
              <value>
                <![CDATA[Vignesh@123]]>
              </value>
            </param>
            <param index="4">
              <value>
                <![CDATA[Vignesh@123]]>
              </value>
            </param>
          </params>
          <reporter-output>
          </reporter-output>
        </test-method> <!-- register -->
        <test-method is-config="true" signature="close()[pri:0, instance:test.Tc001_Register@54e041a4]" started-at="2023-11-10T12:55:51 IST" name="close" finished-at="2023-11-10T12:55:51 IST" duration-ms="300" status="PASS">
          <reporter-output>
          </reporter-output>
        </test-method> <!-- close -->
      </class> <!-- test.Tc001_Register -->
    </test> <!-- RegisterTest -->
    <test started-at="2023-11-10T12:55:52 IST" name="loginTest" finished-at="2023-11-10T12:56:04 IST" duration-ms="11917">
      <class name="test.Tc002_Login">
        <test-method is-config="true" signature="setup()[pri:0, instance:test.Tc002_Login@e25951c]" started-at="2023-11-10T12:55:52 IST" name="setup" finished-at="2023-11-10T12:55:52 IST" duration-ms="2" status="PASS">
          <reporter-output>
          </reporter-output>
        </test-method> <!-- setup -->
        <test-method is-config="true" signature="browserlaunch(java.lang.String,java.lang.String)[pri:0, instance:test.Tc002_Login@e25951c]" started-at="2023-11-10T12:55:52 IST" name="browserlaunch" finished-at="2023-11-10T12:56:01 IST" duration-ms="8880" status="PASS">
          <params>
            <param index="0">
              <value>
                <![CDATA[https://demowebshop.tricentis.com/]]>
              </value>
            </param>
            <param index="1">
              <value>
                <![CDATA[edge]]>
              </value>
            </param>
          </params>
          <reporter-output>
          </reporter-output>
        </test-method> <!-- browserlaunch -->
        <test-method signature="login(java.lang.String,java.lang.String)[pri:2, instance:test.Tc002_Login@e25951c]" started-at="2023-11-10T12:56:01 IST" name="login" data-provider="getdata" finished-at="2023-11-10T12:56:03 IST" duration-ms="2189" status="PASS">
          <params>
            <param index="0">
              <value>
                <![CDATA[Vignesh735556832831@gmail.com]]>
              </value>
            </param>
            <param index="1">
              <value>
                <![CDATA[Vignesh@123]]>
              </value>
            </param>
          </params>
          <reporter-output>
          </reporter-output>
        </test-method> <!-- login -->
        <test-method is-config="true" signature="close()[pri:0, instance:test.Tc002_Login@e25951c]" started-at="2023-11-10T12:56:03 IST" name="close" finished-at="2023-11-10T12:56:04 IST" duration-ms="411" status="PASS">
          <reporter-output>
          </reporter-output>
        </test-method> <!-- close -->
      </class> <!-- test.Tc002_Login -->
    </test> <!-- loginTest -->
  </suite> <!-- Suite -->
</testng-results>
